<?xml version="1.0" encoding="UTF-8"?>
<!-- Generated by org.testng.reporters.JUnitReportReporter -->
<testsuite skipped="0" hostname="DESKTOP-3DIN244" name="testcases.CreatePortFolioTest" tests="1" failures="0" timestamp="2021-05-02T15:49:59 IST" time="56.393" errors="0">
  <testcase name="createPortFolioTest" time="56.393" classname="testcases.CreatePortFolioTest"/>
  <system-out/>
</testsuite> <!-- testcases.CreatePortFolioTest -->
