<?xml version="1.0" encoding="UTF-8"?>
<!-- Generated by org.testng.reporters.JUnitReportReporter -->
<testsuite skipped="0" hostname="DESKTOP-3DIN244" name="testcases.rediff.Session" tests="2" failures="0" timestamp="2021-05-07T09:39:53 IST" time="86.049" errors="0">
  <testcase name="doLogin" time="42.056" classname="testcases.rediff.Session"/>
  <system-out/>
  <testcase name="doLogin" time="43.993" classname="testcases.rediff.Session"/>
  <system-out/>
</testsuite> <!-- testcases.rediff.Session -->
