<?xml version="1.0" encoding="UTF-8"?>
<!-- Generated by org.testng.reporters.JUnitReportReporter -->
<testsuite skipped="0" hostname="DESKTOP-3DIN244" name="testcases.rediff.Session" tests="2" failures="0" timestamp="2021-05-08T12:57:53 IST" time="77.211" errors="0">
  <testcase name="doLogin" time="42.743" classname="testcases.rediff.Session"/>
  <testcase name="doLogin" time="34.468" classname="testcases.rediff.Session"/>
</testsuite> <!-- testcases.rediff.Session -->
