<?xml version="1.0" encoding="UTF-8"?>
<!-- Generated by org.testng.reporters.JUnitReportReporter -->
<testsuite skipped="0" hostname="DESKTOP-3DIN244" name="testcases.rediff.StockManagement" tests="12" failures="0" timestamp="2021-05-08T12:57:53 IST" time="36.551" errors="0">
  <testcase name="modifyStock" time="13.522" classname="testcases.rediff.StockManagement"/>
  <testcase name="verifyStockQuantity" time="0.690" classname="testcases.rediff.StockManagement"/>
  <testcase name="verifyTransactionHistory" time="0.678" classname="testcases.rediff.StockManagement"/>
  <testcase name="verifyStockQuantity" time="0.401" classname="testcases.rediff.StockManagement"/>
  <testcase name="verifyStockQuantity" time="0.190" classname="testcases.rediff.StockManagement"/>
  <testcase name="verifyTransactionHistory" time="0.934" classname="testcases.rediff.StockManagement"/>
  <testcase name="modifyStock" time="11.650" classname="testcases.rediff.StockManagement"/>
  <testcase name="verifyStockPresent" time="0.144" classname="testcases.rediff.StockManagement"/>
  <testcase name="verifyStockPresent" time="0.154" classname="testcases.rediff.StockManagement"/>
  <testcase name="verifyStockPresent" time="0.156" classname="testcases.rediff.StockManagement"/>
  <testcase name="verifyTransactionHistory" time="0.810" classname="testcases.rediff.StockManagement"/>
  <testcase name="addNewStock" time="7.222" classname="testcases.rediff.StockManagement"/>
</testsuite> <!-- testcases.rediff.StockManagement -->
