<?xml version="1.0" encoding="UTF-8"?>
<!-- Generated by org.testng.reporters.JUnitReportReporter -->
<testsuite skipped="0" hostname="DESKTOP-3DIN244" name="testcases.rediff.PortfolioManagement" tests="5" failures="0" timestamp="2021-05-08T12:57:53 IST" time="31.803" errors="0">
  <testcase name="deletePortfolio" time="8.516" classname="testcases.rediff.PortfolioManagement"/>
  <testcase name="selectPortfolio" time="2.891" classname="testcases.rediff.PortfolioManagement"/>
  <testcase name="selectPortfolio" time="14.571" classname="testcases.rediff.PortfolioManagement"/>
  <testcase name="selectPortfolio" time="2.260" classname="testcases.rediff.PortfolioManagement"/>
  <testcase name="createPortfolio" time="3.565" classname="testcases.rediff.PortfolioManagement"/>
</testsuite> <!-- testcases.rediff.PortfolioManagement -->
